<?xml version="1.0" encoding="UTF-8"?>
<!-- Generated by org.testng.reporters.JUnitReportReporter -->
<testsuite skipped="0" hostname="192.168.1.5" name="ThomasProject.ThomasProject.ClearTrip" tests="2" failures="0" timestamp="13 Jul 2020 07:16:38 GMT" time="33.517" errors="0">
  <testcase name="launchClearTrip" time="6.149" classname="ThomasProject.ThomasProject.ClearTrip"/>
  <testcase name="searchHotel" time="27.368" classname="ThomasProject.ThomasProject.ClearTrip"/>
</testsuite> <!-- ThomasProject.ThomasProject.ClearTrip -->
