<?xml version="1.0" encoding="UTF-8"?>
<!-- Generated by org.testng.reporters.JUnitReportReporter -->
<testsuite hostname="192.168.1.5" failures="0" tests="2" name="ThomasProject.ThomasProject.ClearTrip" time="21.779" errors="0" timestamp="09 Jul 2020 15:23:17 GMT" skipped="0">
  <testcase classname="ThomasProject.ThomasProject.ClearTrip" name="launchClearTrip" time="3.767"/>
  <testcase classname="ThomasProject.ThomasProject.ClearTrip" name="searchHotel" time="18.012"/>
</testsuite> <!-- ThomasProject.ThomasProject.ClearTrip -->
