<?xml version="1.0" encoding="UTF-8"?>
<!-- Generated by org.testng.reporters.JUnitReportReporter -->
<testsuite skipped="0" hostname="192.168.1.5" name="ThomasProject.ThomasProject.ClearTrip" tests="2" failures="0" timestamp="14 Jul 2020 14:34:53 GMT" time="30.750" errors="0">
  <testcase name="launchClearTrip" time="3.142" classname="ThomasProject.ThomasProject.ClearTrip"/>
  <testcase name="searchHotel" time="27.608" classname="ThomasProject.ThomasProject.ClearTrip"/>
</testsuite> <!-- ThomasProject.ThomasProject.ClearTrip -->
